<?xml version="1.0" encoding="UTF-8"?>
<coverage generated="1664118813435" clover="3.2.0">
  <project timestamp="1664118813436" name="All files">
    <metrics statements="24" coveredstatements="24" conditionals="7" coveredconditionals="7" methods="8" coveredmethods="8" elements="39" coveredelements="39" complexity="0" loc="24" ncloc="24" packages="1" files="2" classes="2"/>
    <file name="Node.js" path="/home/smadi_/projects/courses/Data-Structure-Stack-Queue/Stack/Node.js">
      <metrics statements="3" coveredstatements="3" conditionals="1" coveredconditionals="1" methods="1" coveredmethods="1"/>
      <line num="5" count="12" type="stmt"/>
      <line num="6" count="12" type="stmt"/>
      <line num="10" count="2" type="stmt"/>
    </file>
    <file name="Stack.js" path="/home/smadi_/projects/courses/Data-Structure-Stack-Queue/Stack/Stack.js">
      <metrics statements="21" coveredstatements="21" conditionals="6" coveredconditionals="6" methods="7" coveredmethods="7"/>
      <line num="3" count="1" type="stmt"/>
      <line num="7" count="6" type="stmt"/>
      <line num="8" count="6" type="stmt"/>
      <line num="12" count="9" type="stmt"/>
      <line num="14" count="9" type="stmt"/>
      <line num="16" count="9" type="stmt"/>
      <line num="18" count="9" type="stmt"/>
      <line num="22" count="3" type="cond" truecount="2" falsecount="0"/>
      <line num="23" count="2" type="stmt"/>
      <line num="24" count="2" type="stmt"/>
      <line num="25" count="2" type="stmt"/>
      <line num="26" count="2" type="stmt"/>
      <line num="28" count="1" type="stmt"/>
      <line num="33" count="6" type="cond" truecount="2" falsecount="0"/>
      <line num="34" count="4" type="stmt"/>
      <line num="36" count="2" type="stmt"/>
      <line num="40" count="7" type="stmt"/>
      <line num="44" count="12" type="cond" truecount="2" falsecount="0"/>
      <line num="48" count="1" type="stmt"/>
      <line num="49" count="1" type="stmt"/>
      <line num="53" count="1" type="stmt"/>
    </file>
  </project>
</coverage>
