TN:
SF:Node.js
FN:4,(anonymous_0)
FNF:1
FNH:1
FNDA:20,(anonymous_0)
DA:5,20
DA:6,20
DA:10,3
LF:3
LH:3
BRDA:4,0,0,2
BRF:1
BRH:1
end_of_record
TN:
SF:StackAndQueue/Queue.js
FN:6,(anonymous_0)
FN:11,(anonymous_1)
FN:26,(anonymous_2)
FN:39,(anonymous_3)
FN:47,(anonymous_4)
FN:51,(anonymous_5)
FN:55,(anonymous_6)
FNF:7
FNH:7
FNDA:6,(anonymous_0)
FNDA:8,(anonymous_1)
FNDA:3,(anonymous_2)
FNDA:4,(anonymous_3)
FNDA:3,(anonymous_4)
FNDA:6,(anonymous_5)
FNDA:1,(anonymous_6)
DA:3,1
DA:7,6
DA:8,6
DA:11,6
DA:12,8
DA:14,8
DA:15,5
DA:17,3
DA:18,3
DA:19,0
DA:21,3
DA:23,8
DA:26,6
DA:27,3
DA:28,3
DA:29,2
DA:30,2
DA:31,2
DA:32,2
DA:33,2
DA:36,1
DA:39,6
DA:40,4
DA:41,2
DA:44,2
DA:47,6
DA:48,3
DA:51,6
DA:52,6
DA:55,6
DA:56,1
DA:57,1
DA:61,1
LF:33
LH:32
BRDA:14,0,0,5
BRDA:14,0,1,3
BRDA:28,1,0,2
BRDA:28,1,1,1
BRDA:40,2,0,2
BRDA:40,2,1,2
BRF:6
BRH:6
end_of_record
TN:
SF:StackAndQueue/Stack.js
FN:6,(anonymous_0)
FN:11,(anonymous_1)
FN:21,(anonymous_2)
FN:32,(anonymous_3)
FN:39,(anonymous_4)
FN:43,(anonymous_5)
FN:47,(anonymous_6)
FNF:7
FNH:7
FNDA:6,(anonymous_0)
FNDA:9,(anonymous_1)
FNDA:3,(anonymous_2)
FNDA:6,(anonymous_3)
FNDA:7,(anonymous_4)
FNDA:12,(anonymous_5)
FNDA:1,(anonymous_6)
DA:3,1
DA:7,6
DA:8,6
DA:12,9
DA:14,9
DA:16,9
DA:18,9
DA:22,3
DA:23,2
DA:24,2
DA:25,2
DA:26,2
DA:28,1
DA:33,6
DA:34,4
DA:36,2
DA:40,7
DA:44,12
DA:48,1
DA:49,1
DA:53,1
LF:21
LH:21
BRDA:22,0,0,2
BRDA:22,0,1,1
BRDA:33,1,0,4
BRDA:33,1,1,2
BRDA:44,2,0,5
BRDA:44,2,1,7
BRF:6
BRH:6
end_of_record
